== Info: Host localhost:8080 was resolved.
== Info: IPv6: ::1
== Info: IPv4: 127.0.0.1
== Info:   Trying [::1]:8080...
== Info: connect to ::1 port 8080 from ::1 port 41514 failed: Connection refused
== Info:   Trying 127.0.0.1:8080...
== Info: Connected to localhost (127.0.0.1) port 8080
=> Send header, 191 bytes (0xbf)
0000: POST / HTTP/1.1
0011: Host: localhost:8080
0027: User-Agent: curl/8.5.0
003f: Accept: */*
004c: Content-Length: 470
0061: Content-Type: multipart/form-data; boundary=--------------------
00a1: ----l3uxJA2F0olIoxUEgyDRa0
00bd: 
=> Send data, 470 bytes (0x1d6)
0000: --------------------------l3uxJA2F0olIoxUEgyDRa0
0032: Content-Disposition: form-data; name="file"; filename="icon-cloc
0072: k.svg"
007a: Content-Type: image/svg+xml
0097: 
0099: <svg width="17" height="17" xmlns="http://www.w3.org/2000/svg"><
00d9: path d="M8.305 2.007a6.667 6.667 0 1 0 0 13.334 6.667 6.667 0 0 
0119: 0 0-13.334Zm2.667 7.334H8.305a.667.667 0 0 1-.667-.667V6.007a.66
0159: 7.667 0 0 1 1.334 0v2h2a.667.667 0 0 1 0 1.334Z" fill="#8BACD9"/
0199: ></svg>
01a2: --------------------------l3uxJA2F0olIoxUEgyDRa0--
== Info: We are completely uploaded and fine
<= Recv header, 26 bytes (0x1a)
0000: HTTP/1.1 400 Bad Request
<= Recv header, 40 bytes (0x28)
0000: Content-Type: text/html; charset=utf-8
<= Recv header, 46 bytes (0x2e)
0000: Last-Modified: Fri, 18 Apr 2025 10:55:27 GMT
<= Recv header, 21 bytes (0x15)
0000: Content-Length: 953
<= Recv header, 2 bytes (0x2)
0000: 
<= Recv data, 955 bytes (0x3bb)
0000: <!DOCTYPE html>.<html lang="en">..<head>.    <style>.        * {
0040: .    margin: 0;.    padding: 0;.    box-sizing: border-box;.}..b
0080: ody {.    font-family: Arial, sans-serif;.    background-color: 
00c0: #D3D3D3;.    display: flex;.    justify-content: center;.    ali
0100: gn-items: center;.    height: 100vh;.}...error-container {.    t
0140: ext-align: center;.    background-color: #fff;.    padding: 20px
0180: ;.    border-radius: 5px;.    box-shadow: 0 2px 4px rgba(0, 0, 0
01c0: , 0.1);.}..h1 {.    font-size: 5rem;.    color: #ff5733;.}..p {.
0200:     font-size: 1.5rem;.    color: #333;.    margin-bottom: 20px;
0240: .}.    </style>.    <meta charset="UTF-8">.    <meta name="viewp
0280: ort" .          content="width=device-width, .                  
02c0:  initial-scale=1.0">.    <title>.        400 Bad Request.    </t
0300: itle>.</head>..<body>.    <div class="error-container">.        
0340: <h1> 400 </h1>.        <p>.            Request body could not be
0380:  read properly..        </p>.    </div>.</body>..</html>.
== Info: Excess found writing body: excess = 2, size = 953, maxdownload = 953, bytecount = 953
== Info: Closing connection
